[2025-08-24T12:47:48.822+0000] {manager.py:470} INFO - Processing files using up to 1 processes at a time 
[2025-08-24T12:47:48.824+0000] {manager.py:471} INFO - Process each file at most once every 30 seconds
[2025-08-24T12:47:48.824+0000] {manager.py:472} INFO - Checking for new files in /opt/airflow/dags every 300 seconds
[2025-08-24T12:47:48.825+0000] {manager.py:737} INFO - Searching for files in /opt/airflow/dags
[2025-08-24T12:47:48.829+0000] {manager.py:740} INFO - There are 0 files in /opt/airflow/dags
[2025-08-24T12:52:49.687+0000] {manager.py:737} INFO - Searching for files in /opt/airflow/dags
[2025-08-24T12:52:49.692+0000] {manager.py:740} INFO - There are 0 files in /opt/airflow/dags
[2025-08-24T12:57:50.498+0000] {manager.py:737} INFO - Searching for files in /opt/airflow/dags
[2025-08-24T12:57:50.504+0000] {manager.py:740} INFO - There are 0 files in /opt/airflow/dags
[2025-08-24T13:02:50.897+0000] {manager.py:737} INFO - Searching for files in /opt/airflow/dags
[2025-08-24T13:02:50.904+0000] {manager.py:740} INFO - There are 0 files in /opt/airflow/dags
[2025-08-24T13:07:51.439+0000] {manager.py:737} INFO - Searching for files in /opt/airflow/dags
[2025-08-24T13:07:51.451+0000] {manager.py:740} INFO - There are 0 files in /opt/airflow/dags
[2025-08-24T13:12:51.474+0000] {manager.py:737} INFO - Searching for files in /opt/airflow/dags
[2025-08-24T13:12:51.482+0000] {manager.py:740} INFO - There are 0 files in /opt/airflow/dags
[2025-08-24T13:19:47.150+0000] {manager.py:470} INFO - Processing files using up to 1 processes at a time 
[2025-08-24T13:19:47.151+0000] {manager.py:471} INFO - Process each file at most once every 30 seconds
[2025-08-24T13:19:47.152+0000] {manager.py:472} INFO - Checking for new files in /opt/airflow/dags every 300 seconds
[2025-08-24T13:19:47.153+0000] {manager.py:737} INFO - Searching for files in /opt/airflow/dags
[2025-08-24T13:19:47.160+0000] {manager.py:740} INFO - There are 0 files in /opt/airflow/dags
[2025-08-24T13:24:47.384+0000] {manager.py:737} INFO - Searching for files in /opt/airflow/dags
[2025-08-24T13:24:47.392+0000] {manager.py:740} INFO - There are 0 files in /opt/airflow/dags
[2025-08-24T13:29:47.786+0000] {manager.py:737} INFO - Searching for files in /opt/airflow/dags
[2025-08-24T13:29:47.795+0000] {manager.py:740} INFO - There are 0 files in /opt/airflow/dags
[2025-08-24T13:34:48.052+0000] {manager.py:737} INFO - Searching for files in /opt/airflow/dags
[2025-08-24T13:34:48.074+0000] {manager.py:740} INFO - There are 0 files in /opt/airflow/dags
[2025-08-24T13:39:48.772+0000] {manager.py:737} INFO - Searching for files in /opt/airflow/dags
[2025-08-24T13:39:48.779+0000] {manager.py:740} INFO - There are 0 files in /opt/airflow/dags
[2025-08-24T13:44:48.936+0000] {manager.py:737} INFO - Searching for files in /opt/airflow/dags
[2025-08-24T13:44:48.945+0000] {manager.py:740} INFO - There are 0 files in /opt/airflow/dags
[2025-08-24T13:49:49.576+0000] {manager.py:737} INFO - Searching for files in /opt/airflow/dags
[2025-08-24T13:49:49.588+0000] {manager.py:740} INFO - There are 0 files in /opt/airflow/dags
[2025-08-24T13:54:49.582+0000] {manager.py:737} INFO - Searching for files in /opt/airflow/dags
[2025-08-24T13:54:49.591+0000] {manager.py:740} INFO - There are 0 files in /opt/airflow/dags
[2025-08-24T13:56:41.688+0000] {manager.py:470} INFO - Processing files using up to 1 processes at a time 
[2025-08-24T13:56:41.690+0000] {manager.py:471} INFO - Process each file at most once every 30 seconds
[2025-08-24T13:56:41.691+0000] {manager.py:472} INFO - Checking for new files in /opt/airflow/dags every 300 seconds
[2025-08-24T13:56:41.692+0000] {manager.py:737} INFO - Searching for files in /opt/airflow/dags
[2025-08-24T13:56:41.697+0000] {manager.py:740} INFO - There are 0 files in /opt/airflow/dags
[2025-08-24T14:01:41.947+0000] {manager.py:737} INFO - Searching for files in /opt/airflow/dags
[2025-08-24T14:01:41.966+0000] {manager.py:740} INFO - There are 1 files in /opt/airflow/dags
[2025-08-24T14:02:02.138+0000] {manager.py:878} INFO - 
================================================================================
DAG File Processing Stats

File Path                                    PID    Runtime      # DAGs    # Errors  Last Runtime    Last Run
-------------------------------------------  -----  ---------  --------  ----------  --------------  -------------------
/opt/airflow/dags/pipeline_bolsa_familia.py                           1           0  0.31s           2025-08-24T14:01:42
================================================================================
[2025-08-24T14:02:31.229+0000] {manager.py:878} INFO - 
================================================================================
DAG File Processing Stats

File Path                                    PID    Runtime      # DAGs    # Errors  Last Runtime    Last Run
-------------------------------------------  -----  ---------  --------  ----------  --------------  -------------------
/opt/airflow/dags/pipeline_bolsa_familia.py                           1           0  0.21s           2025-08-24T14:02:13
================================================================================
[2025-08-24T14:03:00.329+0000] {manager.py:878} INFO - 
================================================================================
DAG File Processing Stats

File Path                                    PID    Runtime      # DAGs    # Errors  Last Runtime    Last Run
-------------------------------------------  -----  ---------  --------  ----------  --------------  -------------------
/opt/airflow/dags/pipeline_bolsa_familia.py                           1           0  0.21s           2025-08-24T14:02:44
================================================================================
[2025-08-24T14:03:29.553+0000] {manager.py:878} INFO - 
================================================================================
DAG File Processing Stats

File Path                                    PID    Runtime      # DAGs    # Errors  Last Runtime    Last Run
-------------------------------------------  -----  ---------  --------  ----------  --------------  -------------------
/opt/airflow/dags/pipeline_bolsa_familia.py                           1           0  0.21s           2025-08-24T14:03:15
================================================================================
[2025-08-24T14:03:58.815+0000] {manager.py:878} INFO - 
================================================================================
DAG File Processing Stats

File Path                                    PID    Runtime      # DAGs    # Errors  Last Runtime    Last Run
-------------------------------------------  -----  ---------  --------  ----------  --------------  -------------------
/opt/airflow/dags/pipeline_bolsa_familia.py                           1           0  0.21s           2025-08-24T14:03:45
================================================================================
[2025-08-24T14:04:28.018+0000] {manager.py:878} INFO - 
================================================================================
DAG File Processing Stats

File Path                                    PID    Runtime      # DAGs    # Errors  Last Runtime    Last Run
-------------------------------------------  -----  ---------  --------  ----------  --------------  -------------------
/opt/airflow/dags/pipeline_bolsa_familia.py                           1           0  0.20s           2025-08-24T14:04:16
================================================================================
[2025-08-24T14:04:57.255+0000] {manager.py:878} INFO - 
================================================================================
DAG File Processing Stats

File Path                                    PID    Runtime      # DAGs    # Errors  Last Runtime    Last Run
-------------------------------------------  -----  ---------  --------  ----------  --------------  -------------------
/opt/airflow/dags/pipeline_bolsa_familia.py                           1           0  0.20s           2025-08-24T14:04:46
================================================================================
[2025-08-24T14:05:26.483+0000] {manager.py:878} INFO - 
================================================================================
DAG File Processing Stats

File Path                                    PID    Runtime      # DAGs    # Errors  Last Runtime    Last Run
-------------------------------------------  -----  ---------  --------  ----------  --------------  -------------------
/opt/airflow/dags/pipeline_bolsa_familia.py                           1           0  0.21s           2025-08-24T14:05:17
================================================================================
[2025-08-24T14:05:55.697+0000] {manager.py:878} INFO - 
================================================================================
DAG File Processing Stats

File Path                                    PID    Runtime      # DAGs    # Errors  Last Runtime    Last Run
-------------------------------------------  -----  ---------  --------  ----------  --------------  -------------------
/opt/airflow/dags/pipeline_bolsa_familia.py                           1           0  0.20s           2025-08-24T14:05:47
================================================================================
[2025-08-24T14:06:24.937+0000] {manager.py:878} INFO - 
================================================================================
DAG File Processing Stats

File Path                                    PID    Runtime      # DAGs    # Errors  Last Runtime    Last Run
-------------------------------------------  -----  ---------  --------  ----------  --------------  -------------------
/opt/airflow/dags/pipeline_bolsa_familia.py                           1           0  0.21s           2025-08-24T14:06:18
================================================================================
[2025-08-24T14:06:42.193+0000] {manager.py:737} INFO - Searching for files in /opt/airflow/dags
[2025-08-24T14:06:42.210+0000] {manager.py:740} INFO - There are 1 files in /opt/airflow/dags
[2025-08-24T14:06:54.121+0000] {manager.py:878} INFO - 
================================================================================
DAG File Processing Stats

File Path                                    PID    Runtime      # DAGs    # Errors  Last Runtime    Last Run
-------------------------------------------  -----  ---------  --------  ----------  --------------  -------------------
/opt/airflow/dags/pipeline_bolsa_familia.py                           1           0  0.21s           2025-08-24T14:06:49
================================================================================
[2025-08-24T14:07:23.395+0000] {manager.py:878} INFO - 
================================================================================
DAG File Processing Stats

File Path                                    PID    Runtime      # DAGs    # Errors  Last Runtime    Last Run
-------------------------------------------  -----  ---------  --------  ----------  --------------  -------------------
/opt/airflow/dags/pipeline_bolsa_familia.py                           1           0  0.21s           2025-08-24T14:07:19
================================================================================
[2025-08-24T14:07:52.655+0000] {manager.py:878} INFO - 
================================================================================
DAG File Processing Stats

File Path                                    PID    Runtime      # DAGs    # Errors  Last Runtime    Last Run
-------------------------------------------  -----  ---------  --------  ----------  --------------  -------------------
/opt/airflow/dags/pipeline_bolsa_familia.py                           1           0  0.21s           2025-08-24T14:07:50
================================================================================
[2025-08-24T14:08:21.581+0000] {manager.py:878} INFO - 
================================================================================
DAG File Processing Stats

File Path                                    PID    Runtime      # DAGs    # Errors  Last Runtime    Last Run
-------------------------------------------  -----  ---------  --------  ----------  --------------  -------------------
/opt/airflow/dags/pipeline_bolsa_familia.py                           1           0  0.21s           2025-08-24T14:08:20
================================================================================
[2025-08-24T14:08:50.591+0000] {manager.py:878} INFO - 
================================================================================
DAG File Processing Stats

File Path                                    PID    Runtime      # DAGs    # Errors  Last Runtime    Last Run
-------------------------------------------  -----  ---------  --------  ----------  --------------  -------------------
/opt/airflow/dags/pipeline_bolsa_familia.py                           1           0  0.21s           2025-08-24T14:08:20
================================================================================
[2025-08-24T14:09:19.617+0000] {manager.py:878} INFO - 
================================================================================
DAG File Processing Stats

File Path                                    PID    Runtime      # DAGs    # Errors  Last Runtime    Last Run
-------------------------------------------  -----  ---------  --------  ----------  --------------  -------------------
/opt/airflow/dags/pipeline_bolsa_familia.py                           1           0  0.21s           2025-08-24T14:08:50
================================================================================
[2025-08-24T14:09:48.639+0000] {manager.py:878} INFO - 
================================================================================
DAG File Processing Stats

File Path                                    PID    Runtime      # DAGs    # Errors  Last Runtime    Last Run
-------------------------------------------  -----  ---------  --------  ----------  --------------  -------------------
/opt/airflow/dags/pipeline_bolsa_familia.py                           1           0  0.21s           2025-08-24T14:09:21
================================================================================
[2025-08-24T14:10:17.656+0000] {manager.py:878} INFO - 
================================================================================
DAG File Processing Stats

File Path                                    PID    Runtime      # DAGs    # Errors  Last Runtime    Last Run
-------------------------------------------  -----  ---------  --------  ----------  --------------  -------------------
/opt/airflow/dags/pipeline_bolsa_familia.py                           1           0  0.21s           2025-08-24T14:09:52
================================================================================
[2025-08-24T14:10:46.701+0000] {manager.py:878} INFO - 
================================================================================
DAG File Processing Stats

File Path                                    PID    Runtime      # DAGs    # Errors  Last Runtime    Last Run
-------------------------------------------  -----  ---------  --------  ----------  --------------  -------------------
/opt/airflow/dags/pipeline_bolsa_familia.py                           1           0  0.21s           2025-08-24T14:10:23
================================================================================
[2025-08-24T14:11:15.729+0000] {manager.py:878} INFO - 
================================================================================
DAG File Processing Stats

File Path                                    PID    Runtime      # DAGs    # Errors  Last Runtime    Last Run
-------------------------------------------  -----  ---------  --------  ----------  --------------  -------------------
/opt/airflow/dags/pipeline_bolsa_familia.py                           1           0  0.21s           2025-08-24T14:10:53
================================================================================
[2025-08-24T14:11:42.303+0000] {manager.py:737} INFO - Searching for files in /opt/airflow/dags
[2025-08-24T14:11:42.332+0000] {manager.py:740} INFO - There are 1 files in /opt/airflow/dags
[2025-08-24T14:11:44.753+0000] {manager.py:878} INFO - 
================================================================================
DAG File Processing Stats

File Path                                    PID    Runtime      # DAGs    # Errors  Last Runtime    Last Run
-------------------------------------------  -----  ---------  --------  ----------  --------------  -------------------
/opt/airflow/dags/pipeline_bolsa_familia.py                           1           0  0.31s           2025-08-24T14:11:25
================================================================================
[2025-08-24T14:12:13.824+0000] {manager.py:878} INFO - 
================================================================================
DAG File Processing Stats

File Path                                    PID    Runtime      # DAGs    # Errors  Last Runtime    Last Run
-------------------------------------------  -----  ---------  --------  ----------  --------------  -------------------
/opt/airflow/dags/pipeline_bolsa_familia.py                           1           0  0.21s           2025-08-24T14:11:56
================================================================================
[2025-08-24T14:12:42.853+0000] {manager.py:878} INFO - 
================================================================================
DAG File Processing Stats

File Path                                    PID    Runtime      # DAGs    # Errors  Last Runtime    Last Run
-------------------------------------------  -----  ---------  --------  ----------  --------------  -------------------
/opt/airflow/dags/pipeline_bolsa_familia.py                           1           0  0.21s           2025-08-24T14:12:26
================================================================================
[2025-08-24T14:13:11.891+0000] {manager.py:878} INFO - 
================================================================================
DAG File Processing Stats

File Path                                    PID    Runtime      # DAGs    # Errors  Last Runtime    Last Run
-------------------------------------------  -----  ---------  --------  ----------  --------------  -------------------
/opt/airflow/dags/pipeline_bolsa_familia.py                           1           0  0.20s           2025-08-24T14:12:57
================================================================================
[2025-08-24T14:13:40.921+0000] {manager.py:878} INFO - 
================================================================================
DAG File Processing Stats

File Path                                    PID    Runtime      # DAGs    # Errors  Last Runtime    Last Run
-------------------------------------------  -----  ---------  --------  ----------  --------------  -------------------
/opt/airflow/dags/pipeline_bolsa_familia.py                           1           0  0.21s           2025-08-24T14:13:27
================================================================================
[2025-08-24T14:14:09.940+0000] {manager.py:878} INFO - 
================================================================================
DAG File Processing Stats

File Path                                    PID    Runtime      # DAGs    # Errors  Last Runtime    Last Run
-------------------------------------------  -----  ---------  --------  ----------  --------------  -------------------
/opt/airflow/dags/pipeline_bolsa_familia.py                           1           0  0.21s           2025-08-24T14:13:59
================================================================================
[2025-08-24T14:14:38.954+0000] {manager.py:878} INFO - 
================================================================================
DAG File Processing Stats

File Path                                    PID    Runtime      # DAGs    # Errors  Last Runtime    Last Run
-------------------------------------------  -----  ---------  --------  ----------  --------------  -------------------
/opt/airflow/dags/pipeline_bolsa_familia.py                           1           0  0.21s           2025-08-24T14:14:30
================================================================================
[2025-08-24T14:15:07.951+0000] {manager.py:878} INFO - 
================================================================================
DAG File Processing Stats

File Path                                    PID    Runtime      # DAGs    # Errors  Last Runtime    Last Run
-------------------------------------------  -----  ---------  --------  ----------  --------------  -------------------
/opt/airflow/dags/pipeline_bolsa_familia.py                           1           0  0.22s           2025-08-24T14:15:01
================================================================================
[2025-08-24T14:15:36.971+0000] {manager.py:878} INFO - 
================================================================================
DAG File Processing Stats

File Path                                    PID    Runtime      # DAGs    # Errors  Last Runtime    Last Run
-------------------------------------------  -----  ---------  --------  ----------  --------------  -------------------
/opt/airflow/dags/pipeline_bolsa_familia.py                           1           0  0.32s           2025-08-24T14:15:32
================================================================================
[2025-08-24T14:16:06.014+0000] {manager.py:878} INFO - 
================================================================================
DAG File Processing Stats

File Path                                    PID    Runtime      # DAGs    # Errors  Last Runtime    Last Run
-------------------------------------------  -----  ---------  --------  ----------  --------------  -------------------
/opt/airflow/dags/pipeline_bolsa_familia.py                           1           0  0.20s           2025-08-24T14:16:03
================================================================================
[2025-08-24T14:16:35.028+0000] {manager.py:878} INFO - 
================================================================================
DAG File Processing Stats

File Path                                    PID    Runtime      # DAGs    # Errors  Last Runtime    Last Run
-------------------------------------------  -----  ---------  --------  ----------  --------------  -------------------
/opt/airflow/dags/pipeline_bolsa_familia.py                           1           0  0.21s           2025-08-24T14:16:33
================================================================================
[2025-08-24T14:16:42.644+0000] {manager.py:737} INFO - Searching for files in /opt/airflow/dags
[2025-08-24T14:16:42.670+0000] {manager.py:740} INFO - There are 1 files in /opt/airflow/dags
[2025-08-24T14:17:04.264+0000] {manager.py:878} INFO - 
================================================================================
DAG File Processing Stats

File Path                                    PID    Runtime      # DAGs    # Errors  Last Runtime    Last Run
-------------------------------------------  -----  ---------  --------  ----------  --------------  -------------------
/opt/airflow/dags/pipeline_bolsa_familia.py                           1           0  0.21s           2025-08-24T14:17:04
================================================================================
[2025-08-24T14:17:33.288+0000] {manager.py:878} INFO - 
================================================================================
DAG File Processing Stats

File Path                                    PID    Runtime      # DAGs    # Errors  Last Runtime    Last Run
-------------------------------------------  -----  ---------  --------  ----------  --------------  -------------------
/opt/airflow/dags/pipeline_bolsa_familia.py                           1           0  0.21s           2025-08-24T14:17:04
================================================================================
[2025-08-24T14:18:02.305+0000] {manager.py:878} INFO - 
================================================================================
DAG File Processing Stats

File Path                                    PID    Runtime      # DAGs    # Errors  Last Runtime    Last Run
-------------------------------------------  -----  ---------  --------  ----------  --------------  -------------------
/opt/airflow/dags/pipeline_bolsa_familia.py                           1           0  0.11s           2025-08-24T14:17:34
================================================================================
[2025-08-24T14:18:31.351+0000] {manager.py:878} INFO - 
================================================================================
DAG File Processing Stats

File Path                                    PID    Runtime      # DAGs    # Errors  Last Runtime    Last Run
-------------------------------------------  -----  ---------  --------  ----------  --------------  -------------------
/opt/airflow/dags/pipeline_bolsa_familia.py                           1           0  0.21s           2025-08-24T14:18:05
================================================================================
[2025-08-24T14:19:00.384+0000] {manager.py:878} INFO - 
================================================================================
DAG File Processing Stats

File Path                                    PID    Runtime      # DAGs    # Errors  Last Runtime    Last Run
-------------------------------------------  -----  ---------  --------  ----------  --------------  -------------------
/opt/airflow/dags/pipeline_bolsa_familia.py                           1           0  0.21s           2025-08-24T14:18:35
================================================================================
[2025-08-24T14:19:29.388+0000] {manager.py:878} INFO - 
================================================================================
DAG File Processing Stats

File Path                                    PID    Runtime      # DAGs    # Errors  Last Runtime    Last Run
-------------------------------------------  -----  ---------  --------  ----------  --------------  -------------------
/opt/airflow/dags/pipeline_bolsa_familia.py                           1           0  0.31s           2025-08-24T14:19:06
================================================================================
[2025-08-24T14:19:58.431+0000] {manager.py:878} INFO - 
================================================================================
DAG File Processing Stats

File Path                                    PID    Runtime      # DAGs    # Errors  Last Runtime    Last Run
-------------------------------------------  -----  ---------  --------  ----------  --------------  -------------------
/opt/airflow/dags/pipeline_bolsa_familia.py                           1           0  0.21s           2025-08-24T14:19:37
================================================================================
[2025-08-24T14:20:27.457+0000] {manager.py:878} INFO - 
================================================================================
DAG File Processing Stats

File Path                                    PID    Runtime      # DAGs    # Errors  Last Runtime    Last Run
-------------------------------------------  -----  ---------  --------  ----------  --------------  -------------------
/opt/airflow/dags/pipeline_bolsa_familia.py                           1           0  0.11s           2025-08-24T14:20:08
================================================================================
[2025-08-24T14:20:56.475+0000] {manager.py:878} INFO - 
================================================================================
DAG File Processing Stats

File Path                                    PID    Runtime      # DAGs    # Errors  Last Runtime    Last Run
-------------------------------------------  -----  ---------  --------  ----------  --------------  -------------------
/opt/airflow/dags/pipeline_bolsa_familia.py                           1           0  0.11s           2025-08-24T14:20:39
================================================================================
[2025-08-24T14:21:25.482+0000] {manager.py:878} INFO - 
================================================================================
DAG File Processing Stats

File Path                                    PID    Runtime      # DAGs    # Errors  Last Runtime    Last Run
-------------------------------------------  -----  ---------  --------  ----------  --------------  -------------------
/opt/airflow/dags/pipeline_bolsa_familia.py                           1           0  0.21s           2025-08-24T14:21:10
================================================================================
[2025-08-24T14:21:42.986+0000] {manager.py:737} INFO - Searching for files in /opt/airflow/dags
[2025-08-24T14:21:43.011+0000] {manager.py:740} INFO - There are 1 files in /opt/airflow/dags
[2025-08-24T14:21:54.517+0000] {manager.py:878} INFO - 
================================================================================
DAG File Processing Stats

File Path                                    PID    Runtime      # DAGs    # Errors  Last Runtime    Last Run
-------------------------------------------  -----  ---------  --------  ----------  --------------  -------------------
/opt/airflow/dags/pipeline_bolsa_familia.py                           1           0  0.21s           2025-08-24T14:21:40
================================================================================
[2025-08-24T14:22:23.553+0000] {manager.py:878} INFO - 
================================================================================
DAG File Processing Stats

File Path                                    PID    Runtime      # DAGs    # Errors  Last Runtime    Last Run
-------------------------------------------  -----  ---------  --------  ----------  --------------  -------------------
/opt/airflow/dags/pipeline_bolsa_familia.py                           1           0  0.21s           2025-08-24T14:22:11
================================================================================
[2025-08-24T14:22:52.791+0000] {manager.py:878} INFO - 
================================================================================
DAG File Processing Stats

File Path                                    PID    Runtime      # DAGs    # Errors  Last Runtime    Last Run
-------------------------------------------  -----  ---------  --------  ----------  --------------  -------------------
/opt/airflow/dags/pipeline_bolsa_familia.py                           1           0  0.21s           2025-08-24T14:22:42
================================================================================
[2025-08-24T14:23:21.800+0000] {manager.py:878} INFO - 
================================================================================
DAG File Processing Stats

File Path                                    PID    Runtime      # DAGs    # Errors  Last Runtime    Last Run
-------------------------------------------  -----  ---------  --------  ----------  --------------  -------------------
/opt/airflow/dags/pipeline_bolsa_familia.py                           1           0  0.21s           2025-08-24T14:23:13
================================================================================
[2025-08-24T14:23:50.828+0000] {manager.py:878} INFO - 
================================================================================
DAG File Processing Stats

File Path                                    PID    Runtime      # DAGs    # Errors  Last Runtime    Last Run
-------------------------------------------  -----  ---------  --------  ----------  --------------  -------------------
/opt/airflow/dags/pipeline_bolsa_familia.py                           1           0  0.21s           2025-08-24T14:23:43
================================================================================
[2025-08-24T14:24:19.880+0000] {manager.py:878} INFO - 
================================================================================
DAG File Processing Stats

File Path                                    PID    Runtime      # DAGs    # Errors  Last Runtime    Last Run
-------------------------------------------  -----  ---------  --------  ----------  --------------  -------------------
/opt/airflow/dags/pipeline_bolsa_familia.py                           1           0  0.21s           2025-08-24T14:24:14
================================================================================
[2025-08-24T14:24:48.897+0000] {manager.py:878} INFO - 
================================================================================
DAG File Processing Stats

File Path                                    PID    Runtime      # DAGs    # Errors  Last Runtime    Last Run
-------------------------------------------  -----  ---------  --------  ----------  --------------  -------------------
/opt/airflow/dags/pipeline_bolsa_familia.py                           1           0  0.21s           2025-08-24T14:24:45
================================================================================
[2025-08-24T14:25:17.925+0000] {manager.py:878} INFO - 
================================================================================
DAG File Processing Stats

File Path                                    PID    Runtime      # DAGs    # Errors  Last Runtime    Last Run
-------------------------------------------  -----  ---------  --------  ----------  --------------  -------------------
/opt/airflow/dags/pipeline_bolsa_familia.py                           1           0  0.21s           2025-08-24T14:25:16
================================================================================
[2025-08-24T14:25:46.982+0000] {manager.py:878} INFO - 
================================================================================
DAG File Processing Stats

File Path                                    PID    Runtime      # DAGs    # Errors  Last Runtime    Last Run
-------------------------------------------  -----  ---------  --------  ----------  --------------  -------------------
/opt/airflow/dags/pipeline_bolsa_familia.py                           1           0  0.21s           2025-08-24T14:25:46
================================================================================
[2025-08-24T14:26:16.033+0000] {manager.py:878} INFO - 
================================================================================
DAG File Processing Stats

File Path                                    PID    Runtime      # DAGs    # Errors  Last Runtime    Last Run
-------------------------------------------  -----  ---------  --------  ----------  --------------  -------------------
/opt/airflow/dags/pipeline_bolsa_familia.py                           1           0  0.21s           2025-08-24T14:25:46
================================================================================
[2025-08-24T14:26:43.271+0000] {manager.py:737} INFO - Searching for files in /opt/airflow/dags
[2025-08-24T14:26:43.287+0000] {manager.py:740} INFO - There are 1 files in /opt/airflow/dags
[2025-08-24T14:26:45.055+0000] {manager.py:878} INFO - 
================================================================================
DAG File Processing Stats

File Path                                    PID    Runtime      # DAGs    # Errors  Last Runtime    Last Run
-------------------------------------------  -----  ---------  --------  ----------  --------------  -------------------
/opt/airflow/dags/pipeline_bolsa_familia.py                           1           0  0.21s           2025-08-24T14:26:17
================================================================================
[2025-08-24T14:27:14.092+0000] {manager.py:878} INFO - 
================================================================================
DAG File Processing Stats

File Path                                    PID    Runtime      # DAGs    # Errors  Last Runtime    Last Run
-------------------------------------------  -----  ---------  --------  ----------  --------------  -------------------
/opt/airflow/dags/pipeline_bolsa_familia.py                           1           0  0.21s           2025-08-24T14:26:48
================================================================================
[2025-08-24T14:27:43.102+0000] {manager.py:878} INFO - 
================================================================================
DAG File Processing Stats

File Path                                    PID    Runtime      # DAGs    # Errors  Last Runtime    Last Run
-------------------------------------------  -----  ---------  --------  ----------  --------------  -------------------
/opt/airflow/dags/pipeline_bolsa_familia.py                           1           0  0.21s           2025-08-24T14:27:19
================================================================================
[2025-08-24T14:28:12.165+0000] {manager.py:878} INFO - 
================================================================================
DAG File Processing Stats

File Path                                    PID    Runtime      # DAGs    # Errors  Last Runtime    Last Run
-------------------------------------------  -----  ---------  --------  ----------  --------------  -------------------
/opt/airflow/dags/pipeline_bolsa_familia.py                           1           0  0.21s           2025-08-24T14:27:49
================================================================================
[2025-08-24T14:28:41.156+0000] {manager.py:878} INFO - 
================================================================================
DAG File Processing Stats

File Path                                    PID    Runtime      # DAGs    # Errors  Last Runtime    Last Run
-------------------------------------------  -----  ---------  --------  ----------  --------------  -------------------
/opt/airflow/dags/pipeline_bolsa_familia.py                           1           0  0.21s           2025-08-24T14:28:21
================================================================================
[2025-08-24T14:29:10.393+0000] {manager.py:878} INFO - 
================================================================================
DAG File Processing Stats

File Path                                    PID    Runtime      # DAGs    # Errors  Last Runtime    Last Run
-------------------------------------------  -----  ---------  --------  ----------  --------------  -------------------
/opt/airflow/dags/pipeline_bolsa_familia.py                           1           0  0.21s           2025-08-24T14:28:51
================================================================================
[2025-08-24T14:29:39.432+0000] {manager.py:878} INFO - 
================================================================================
DAG File Processing Stats

File Path                                    PID    Runtime      # DAGs    # Errors  Last Runtime    Last Run
-------------------------------------------  -----  ---------  --------  ----------  --------------  -------------------
/opt/airflow/dags/pipeline_bolsa_familia.py                           1           0  0.20s           2025-08-24T14:29:22
================================================================================
[2025-08-24T14:30:08.459+0000] {manager.py:878} INFO - 
================================================================================
DAG File Processing Stats

File Path                                    PID    Runtime      # DAGs    # Errors  Last Runtime    Last Run
-------------------------------------------  -----  ---------  --------  ----------  --------------  -------------------
/opt/airflow/dags/pipeline_bolsa_familia.py                           1           0  0.21s           2025-08-24T14:29:53
================================================================================
[2025-08-24T14:30:37.483+0000] {manager.py:878} INFO - 
================================================================================
DAG File Processing Stats

File Path                                    PID    Runtime      # DAGs    # Errors  Last Runtime    Last Run
-------------------------------------------  -----  ---------  --------  ----------  --------------  -------------------
/opt/airflow/dags/pipeline_bolsa_familia.py                           1           0  -0.88s          2025-08-24T14:30:23
================================================================================
[2025-08-24T14:31:06.544+0000] {manager.py:878} INFO - 
================================================================================
DAG File Processing Stats

File Path                                    PID    Runtime      # DAGs    # Errors  Last Runtime    Last Run
-------------------------------------------  -----  ---------  --------  ----------  --------------  -------------------
/opt/airflow/dags/pipeline_bolsa_familia.py                           1           0  0.20s           2025-08-24T14:30:53
================================================================================
[2025-08-24T14:31:35.550+0000] {manager.py:878} INFO - 
================================================================================
DAG File Processing Stats

File Path                                    PID    Runtime      # DAGs    # Errors  Last Runtime    Last Run
-------------------------------------------  -----  ---------  --------  ----------  --------------  -------------------
/opt/airflow/dags/pipeline_bolsa_familia.py                           1           0  0.21s           2025-08-24T14:31:24
================================================================================
[2025-08-24T14:31:43.828+0000] {manager.py:737} INFO - Searching for files in /opt/airflow/dags
[2025-08-24T14:31:43.845+0000] {manager.py:740} INFO - There are 1 files in /opt/airflow/dags
[2025-08-24T14:32:04.599+0000] {manager.py:878} INFO - 
================================================================================
DAG File Processing Stats

File Path                                    PID    Runtime      # DAGs    # Errors  Last Runtime    Last Run
-------------------------------------------  -----  ---------  --------  ----------  --------------  -------------------
/opt/airflow/dags/pipeline_bolsa_familia.py                           1           0  0.21s           2025-08-24T14:31:55
================================================================================
[2025-08-24T14:32:33.624+0000] {manager.py:878} INFO - 
================================================================================
DAG File Processing Stats

File Path                                    PID    Runtime      # DAGs    # Errors  Last Runtime    Last Run
-------------------------------------------  -----  ---------  --------  ----------  --------------  -------------------
/opt/airflow/dags/pipeline_bolsa_familia.py                           1           0  0.21s           2025-08-24T14:32:26
================================================================================
[2025-08-24T14:33:02.646+0000] {manager.py:878} INFO - 
================================================================================
DAG File Processing Stats

File Path                                    PID    Runtime      # DAGs    # Errors  Last Runtime    Last Run
-------------------------------------------  -----  ---------  --------  ----------  --------------  -------------------
/opt/airflow/dags/pipeline_bolsa_familia.py                           1           0  0.21s           2025-08-24T14:32:56
================================================================================
[2025-08-24T14:33:31.655+0000] {manager.py:878} INFO - 
================================================================================
DAG File Processing Stats

File Path                                    PID    Runtime      # DAGs    # Errors  Last Runtime    Last Run
-------------------------------------------  -----  ---------  --------  ----------  --------------  -------------------
/opt/airflow/dags/pipeline_bolsa_familia.py                           1           0  0.20s           2025-08-24T14:33:27
================================================================================
[2025-08-24T14:34:00.615+0000] {manager.py:878} INFO - 
================================================================================
DAG File Processing Stats

File Path                                    PID    Runtime      # DAGs    # Errors  Last Runtime    Last Run
-------------------------------------------  -----  ---------  --------  ----------  --------------  -------------------
/opt/airflow/dags/pipeline_bolsa_familia.py                           1           0  0.21s           2025-08-24T14:33:57
================================================================================
[2025-08-24T14:34:29.712+0000] {manager.py:878} INFO - 
================================================================================
DAG File Processing Stats

File Path                                    PID    Runtime      # DAGs    # Errors  Last Runtime    Last Run
-------------------------------------------  -----  ---------  --------  ----------  --------------  -------------------
/opt/airflow/dags/pipeline_bolsa_familia.py                           1           0  0.21s           2025-08-24T14:34:27
================================================================================
[2025-08-24T14:34:58.868+0000] {manager.py:878} INFO - 
================================================================================
DAG File Processing Stats

File Path                                    PID    Runtime      # DAGs    # Errors  Last Runtime    Last Run
-------------------------------------------  -----  ---------  --------  ----------  --------------  -------------------
/opt/airflow/dags/pipeline_bolsa_familia.py                           1           0  0.12s           2025-08-24T14:34:58
================================================================================
[2025-08-24T14:35:27.844+0000] {manager.py:878} INFO - 
================================================================================
DAG File Processing Stats

File Path                                    PID    Runtime      # DAGs    # Errors  Last Runtime    Last Run
-------------------------------------------  -----  ---------  --------  ----------  --------------  -------------------
/opt/airflow/dags/pipeline_bolsa_familia.py                           1           0  0.12s           2025-08-24T14:34:58
================================================================================
[2025-08-24T14:35:56.926+0000] {manager.py:878} INFO - 
================================================================================
DAG File Processing Stats

File Path                                    PID    Runtime      # DAGs    # Errors  Last Runtime    Last Run
-------------------------------------------  -----  ---------  --------  ----------  --------------  -------------------
/opt/airflow/dags/pipeline_bolsa_familia.py                           1           0  0.21s           2025-08-24T14:35:29
================================================================================
[2025-08-24T14:36:25.955+0000] {manager.py:878} INFO - 
================================================================================
DAG File Processing Stats

File Path                                    PID    Runtime      # DAGs    # Errors  Last Runtime    Last Run
-------------------------------------------  -----  ---------  --------  ----------  --------------  -------------------
/opt/airflow/dags/pipeline_bolsa_familia.py                           1           0  0.21s           2025-08-24T14:35:59
================================================================================
[2025-08-24T14:36:44.647+0000] {manager.py:737} INFO - Searching for files in /opt/airflow/dags
[2025-08-24T14:36:44.666+0000] {manager.py:740} INFO - There are 1 files in /opt/airflow/dags
[2025-08-24T14:36:54.961+0000] {manager.py:878} INFO - 
================================================================================
DAG File Processing Stats

File Path                                    PID    Runtime      # DAGs    # Errors  Last Runtime    Last Run
-------------------------------------------  -----  ---------  --------  ----------  --------------  -------------------
/opt/airflow/dags/pipeline_bolsa_familia.py                           1           0  0.21s           2025-08-24T14:36:29
================================================================================
[2025-08-24T14:37:23.974+0000] {manager.py:878} INFO - 
================================================================================
DAG File Processing Stats

File Path                                    PID    Runtime      # DAGs    # Errors  Last Runtime    Last Run
-------------------------------------------  -----  ---------  --------  ----------  --------------  -------------------
/opt/airflow/dags/pipeline_bolsa_familia.py                           1           0  0.11s           2025-08-24T14:36:59
================================================================================
[2025-08-24T14:37:52.985+0000] {manager.py:878} INFO - 
================================================================================
DAG File Processing Stats

File Path                                    PID    Runtime      # DAGs    # Errors  Last Runtime    Last Run
-------------------------------------------  -----  ---------  --------  ----------  --------------  -------------------
/opt/airflow/dags/pipeline_bolsa_familia.py                           1           0  0.20s           2025-08-24T14:37:30
================================================================================
[2025-08-24T14:38:22.028+0000] {manager.py:878} INFO - 
================================================================================
DAG File Processing Stats

File Path                                    PID    Runtime      # DAGs    # Errors  Last Runtime    Last Run
-------------------------------------------  -----  ---------  --------  ----------  --------------  -------------------
/opt/airflow/dags/pipeline_bolsa_familia.py                           1           0  0.21s           2025-08-24T14:38:01
================================================================================
[2025-08-24T14:38:51.092+0000] {manager.py:878} INFO - 
================================================================================
DAG File Processing Stats

File Path                                    PID    Runtime      # DAGs    # Errors  Last Runtime    Last Run
-------------------------------------------  -----  ---------  --------  ----------  --------------  -------------------
/opt/airflow/dags/pipeline_bolsa_familia.py                           1           0  0.21s           2025-08-24T14:38:32
================================================================================
[2025-08-24T14:39:20.105+0000] {manager.py:878} INFO - 
================================================================================
DAG File Processing Stats

File Path                                    PID    Runtime      # DAGs    # Errors  Last Runtime    Last Run
-------------------------------------------  -----  ---------  --------  ----------  --------------  -------------------
/opt/airflow/dags/pipeline_bolsa_familia.py                           1           0  0.21s           2025-08-24T14:39:02
================================================================================
[2025-08-24T14:39:49.129+0000] {manager.py:878} INFO - 
================================================================================
DAG File Processing Stats

File Path                                    PID    Runtime      # DAGs    # Errors  Last Runtime    Last Run
-------------------------------------------  -----  ---------  --------  ----------  --------------  -------------------
/opt/airflow/dags/pipeline_bolsa_familia.py                           1           0  0.21s           2025-08-24T14:39:33
================================================================================
[2025-08-24T14:40:18.130+0000] {manager.py:878} INFO - 
================================================================================
DAG File Processing Stats

File Path                                    PID    Runtime      # DAGs    # Errors  Last Runtime    Last Run
-------------------------------------------  -----  ---------  --------  ----------  --------------  -------------------
/opt/airflow/dags/pipeline_bolsa_familia.py                           1           0  0.31s           2025-08-24T14:40:04
================================================================================
[2025-08-24T14:40:47.117+0000] {manager.py:878} INFO - 
================================================================================
DAG File Processing Stats

File Path                                    PID    Runtime      # DAGs    # Errors  Last Runtime    Last Run
-------------------------------------------  -----  ---------  --------  ----------  --------------  -------------------
/opt/airflow/dags/pipeline_bolsa_familia.py                           1           0  0.21s           2025-08-24T14:40:35
================================================================================
[2025-08-24T14:41:16.244+0000] {manager.py:878} INFO - 
================================================================================
DAG File Processing Stats

File Path                                    PID    Runtime      # DAGs    # Errors  Last Runtime    Last Run
-------------------------------------------  -----  ---------  --------  ----------  --------------  -------------------
/opt/airflow/dags/pipeline_bolsa_familia.py                           1           0  0.21s           2025-08-24T14:41:06
================================================================================
[2025-08-24T14:41:45.400+0000] {manager.py:737} INFO - Searching for files in /opt/airflow/dags
[2025-08-24T14:41:45.418+0000] {manager.py:740} INFO - There are 1 files in /opt/airflow/dags
[2025-08-24T14:41:45.430+0000] {manager.py:878} INFO - 
================================================================================
DAG File Processing Stats

File Path                                    PID    Runtime      # DAGs    # Errors  Last Runtime    Last Run
-------------------------------------------  -----  ---------  --------  ----------  --------------  -------------------
/opt/airflow/dags/pipeline_bolsa_familia.py                           1           0  0.21s           2025-08-24T14:41:36
================================================================================
[2025-08-24T14:42:14.456+0000] {manager.py:878} INFO - 
================================================================================
DAG File Processing Stats

File Path                                    PID    Runtime      # DAGs    # Errors  Last Runtime    Last Run
-------------------------------------------  -----  ---------  --------  ----------  --------------  -------------------
/opt/airflow/dags/pipeline_bolsa_familia.py                           1           0  0.21s           2025-08-24T14:42:07
================================================================================
[2025-08-24T14:42:43.459+0000] {manager.py:878} INFO - 
================================================================================
DAG File Processing Stats

File Path                                    PID    Runtime      # DAGs    # Errors  Last Runtime    Last Run
-------------------------------------------  -----  ---------  --------  ----------  --------------  -------------------
/opt/airflow/dags/pipeline_bolsa_familia.py                           1           0  0.21s           2025-08-24T14:42:38
================================================================================
[2025-08-24T14:43:12.486+0000] {manager.py:878} INFO - 
================================================================================
DAG File Processing Stats

File Path                                    PID    Runtime      # DAGs    # Errors  Last Runtime    Last Run
-------------------------------------------  -----  ---------  --------  ----------  --------------  -------------------
/opt/airflow/dags/pipeline_bolsa_familia.py                           1           0  0.21s           2025-08-24T14:43:10
================================================================================
[2025-08-24T14:43:41.491+0000] {manager.py:878} INFO - 
================================================================================
DAG File Processing Stats

File Path                                    PID    Runtime      # DAGs    # Errors  Last Runtime    Last Run
-------------------------------------------  -----  ---------  --------  ----------  --------------  -------------------
/opt/airflow/dags/pipeline_bolsa_familia.py                           1           0  0.21s           2025-08-24T14:43:41
================================================================================
[2025-08-24T14:44:10.509+0000] {manager.py:878} INFO - 
================================================================================
DAG File Processing Stats

File Path                                    PID    Runtime      # DAGs    # Errors  Last Runtime    Last Run
-------------------------------------------  -----  ---------  --------  ----------  --------------  -------------------
/opt/airflow/dags/pipeline_bolsa_familia.py                           1           0  0.21s           2025-08-24T14:43:41
================================================================================
[2025-08-24T14:44:39.435+0000] {manager.py:878} INFO - 
================================================================================
DAG File Processing Stats

File Path                                    PID    Runtime      # DAGs    # Errors  Last Runtime    Last Run
-------------------------------------------  -----  ---------  --------  ----------  --------------  -------------------
/opt/airflow/dags/pipeline_bolsa_familia.py                           1           0  0.21s           2025-08-24T14:44:11
================================================================================
[2025-08-24T14:45:08.522+0000] {manager.py:878} INFO - 
================================================================================
DAG File Processing Stats

File Path                                    PID    Runtime      # DAGs    # Errors  Last Runtime    Last Run
-------------------------------------------  -----  ---------  --------  ----------  --------------  -------------------
/opt/airflow/dags/pipeline_bolsa_familia.py                           1           0  0.21s           2025-08-24T14:44:42
================================================================================
[2025-08-24T14:45:37.543+0000] {manager.py:878} INFO - 
================================================================================
DAG File Processing Stats

File Path                                    PID    Runtime      # DAGs    # Errors  Last Runtime    Last Run
-------------------------------------------  -----  ---------  --------  ----------  --------------  -------------------
/opt/airflow/dags/pipeline_bolsa_familia.py                           1           0  0.21s           2025-08-24T14:45:13
================================================================================
[2025-08-24T14:46:06.555+0000] {manager.py:878} INFO - 
================================================================================
DAG File Processing Stats

File Path                                    PID    Runtime      # DAGs    # Errors  Last Runtime    Last Run
-------------------------------------------  -----  ---------  --------  ----------  --------------  -------------------
/opt/airflow/dags/pipeline_bolsa_familia.py                           1           0  0.21s           2025-08-24T14:45:44
================================================================================
[2025-08-24T14:46:35.573+0000] {manager.py:878} INFO - 
================================================================================
DAG File Processing Stats

File Path                                    PID    Runtime      # DAGs    # Errors  Last Runtime    Last Run
-------------------------------------------  -----  ---------  --------  ----------  --------------  -------------------
/opt/airflow/dags/pipeline_bolsa_familia.py                           1           0  0.21s           2025-08-24T14:46:14
================================================================================
[2025-08-24T14:46:45.610+0000] {manager.py:737} INFO - Searching for files in /opt/airflow/dags
[2025-08-24T14:46:45.628+0000] {manager.py:740} INFO - There are 1 files in /opt/airflow/dags
[2025-08-24T14:47:04.634+0000] {manager.py:878} INFO - 
================================================================================
DAG File Processing Stats

File Path                                    PID    Runtime      # DAGs    # Errors  Last Runtime    Last Run
-------------------------------------------  -----  ---------  --------  ----------  --------------  -------------------
/opt/airflow/dags/pipeline_bolsa_familia.py                           1           0  0.21s           2025-08-24T14:46:45
================================================================================
[2025-08-24T14:47:33.626+0000] {manager.py:878} INFO - 
================================================================================
DAG File Processing Stats

File Path                                    PID    Runtime      # DAGs    # Errors  Last Runtime    Last Run
-------------------------------------------  -----  ---------  --------  ----------  --------------  -------------------
/opt/airflow/dags/pipeline_bolsa_familia.py                           1           0  0.21s           2025-08-24T14:47:15
================================================================================
[2025-08-24T14:48:02.693+0000] {manager.py:878} INFO - 
================================================================================
DAG File Processing Stats

File Path                                    PID    Runtime      # DAGs    # Errors  Last Runtime    Last Run
-------------------------------------------  -----  ---------  --------  ----------  --------------  -------------------
/opt/airflow/dags/pipeline_bolsa_familia.py                           1           0  -0.29s          2025-08-24T14:47:45
================================================================================
[2025-08-24T14:48:31.708+0000] {manager.py:878} INFO - 
================================================================================
DAG File Processing Stats

File Path                                    PID    Runtime      # DAGs    # Errors  Last Runtime    Last Run
-------------------------------------------  -----  ---------  --------  ----------  --------------  -------------------
/opt/airflow/dags/pipeline_bolsa_familia.py                           1           0  0.20s           2025-08-24T14:48:15
================================================================================
[2025-08-24T14:49:00.720+0000] {manager.py:878} INFO - 
================================================================================
DAG File Processing Stats

File Path                                    PID    Runtime      # DAGs    # Errors  Last Runtime    Last Run
-------------------------------------------  -----  ---------  --------  ----------  --------------  -------------------
/opt/airflow/dags/pipeline_bolsa_familia.py                           1           0  0.11s           2025-08-24T14:48:46
================================================================================
[2025-08-24T14:49:29.725+0000] {manager.py:878} INFO - 
================================================================================
DAG File Processing Stats

File Path                                    PID    Runtime      # DAGs    # Errors  Last Runtime    Last Run
-------------------------------------------  -----  ---------  --------  ----------  --------------  -------------------
/opt/airflow/dags/pipeline_bolsa_familia.py                           1           0  0.21s           2025-08-24T14:49:17
================================================================================
[2025-08-24T14:49:58.738+0000] {manager.py:878} INFO - 
================================================================================
DAG File Processing Stats

File Path                                    PID    Runtime      # DAGs    # Errors  Last Runtime    Last Run
-------------------------------------------  -----  ---------  --------  ----------  --------------  -------------------
/opt/airflow/dags/pipeline_bolsa_familia.py                           1           0  0.11s           2025-08-24T14:49:47
================================================================================
[2025-08-24T14:50:28.046+0000] {manager.py:878} INFO - 
================================================================================
DAG File Processing Stats

File Path                                    PID    Runtime      # DAGs    # Errors  Last Runtime    Last Run
-------------------------------------------  -----  ---------  --------  ----------  --------------  -------------------
/opt/airflow/dags/pipeline_bolsa_familia.py                           1           0  0.21s           2025-08-24T14:50:18
================================================================================
[2025-08-24T14:50:57.079+0000] {manager.py:878} INFO - 
================================================================================
DAG File Processing Stats

File Path                                    PID    Runtime      # DAGs    # Errors  Last Runtime    Last Run
-------------------------------------------  -----  ---------  --------  ----------  --------------  -------------------
/opt/airflow/dags/pipeline_bolsa_familia.py                           1           0  0.21s           2025-08-24T14:50:48
================================================================================
[2025-08-24T14:51:26.113+0000] {manager.py:878} INFO - 
================================================================================
DAG File Processing Stats

File Path                                    PID    Runtime      # DAGs    # Errors  Last Runtime    Last Run
-------------------------------------------  -----  ---------  --------  ----------  --------------  -------------------
/opt/airflow/dags/pipeline_bolsa_familia.py                           1           0  0.11s           2025-08-24T14:51:18
================================================================================
[2025-08-24T14:51:46.135+0000] {manager.py:737} INFO - Searching for files in /opt/airflow/dags
[2025-08-24T14:51:46.165+0000] {manager.py:740} INFO - There are 1 files in /opt/airflow/dags
[2025-08-24T14:51:55.139+0000] {manager.py:878} INFO - 
================================================================================
DAG File Processing Stats

File Path                                    PID    Runtime      # DAGs    # Errors  Last Runtime    Last Run
-------------------------------------------  -----  ---------  --------  ----------  --------------  -------------------
/opt/airflow/dags/pipeline_bolsa_familia.py                           1           0  0.21s           2025-08-24T14:51:48
================================================================================
[2025-08-24T14:52:24.158+0000] {manager.py:878} INFO - 
================================================================================
DAG File Processing Stats

File Path                                    PID    Runtime      # DAGs    # Errors  Last Runtime    Last Run
-------------------------------------------  -----  ---------  --------  ----------  --------------  -------------------
/opt/airflow/dags/pipeline_bolsa_familia.py                           1           0  0.21s           2025-08-24T14:52:19
================================================================================
[2025-08-24T14:52:53.173+0000] {manager.py:878} INFO - 
================================================================================
DAG File Processing Stats

File Path                                    PID    Runtime      # DAGs    # Errors  Last Runtime    Last Run
-------------------------------------------  -----  ---------  --------  ----------  --------------  -------------------
/opt/airflow/dags/pipeline_bolsa_familia.py                           1           0  0.21s           2025-08-24T14:52:50
================================================================================
[2025-08-24T14:53:22.204+0000] {manager.py:878} INFO - 
================================================================================
DAG File Processing Stats

File Path                                    PID    Runtime      # DAGs    # Errors  Last Runtime    Last Run
-------------------------------------------  -----  ---------  --------  ----------  --------------  -------------------
/opt/airflow/dags/pipeline_bolsa_familia.py                           1           0  0.10s           2025-08-24T14:53:20
================================================================================
[2025-08-24T14:53:51.238+0000] {manager.py:878} INFO - 
================================================================================
DAG File Processing Stats

File Path                                    PID    Runtime      # DAGs    # Errors  Last Runtime    Last Run
-------------------------------------------  -----  ---------  --------  ----------  --------------  -------------------
/opt/airflow/dags/pipeline_bolsa_familia.py                           1           0  0.11s           2025-08-24T14:53:50
================================================================================
[2025-08-24T14:54:20.267+0000] {manager.py:878} INFO - 
================================================================================
DAG File Processing Stats

File Path                                    PID    Runtime      # DAGs    # Errors  Last Runtime    Last Run
-------------------------------------------  -----  ---------  --------  ----------  --------------  -------------------
/opt/airflow/dags/pipeline_bolsa_familia.py                           1           0  0.11s           2025-08-24T14:53:50
================================================================================
[2025-08-24T14:54:49.281+0000] {manager.py:878} INFO - 
================================================================================
DAG File Processing Stats

File Path                                    PID    Runtime      # DAGs    # Errors  Last Runtime    Last Run
-------------------------------------------  -----  ---------  --------  ----------  --------------  -------------------
/opt/airflow/dags/pipeline_bolsa_familia.py                           1           0  0.21s           2025-08-24T14:54:21
================================================================================
[2025-08-24T14:55:18.296+0000] {manager.py:878} INFO - 
================================================================================
DAG File Processing Stats

File Path                                    PID    Runtime      # DAGs    # Errors  Last Runtime    Last Run
-------------------------------------------  -----  ---------  --------  ----------  --------------  -------------------
/opt/airflow/dags/pipeline_bolsa_familia.py                           1           0  0.11s           2025-08-24T14:54:51
================================================================================
[2025-08-24T14:55:47.318+0000] {manager.py:878} INFO - 
================================================================================
DAG File Processing Stats

File Path                                    PID    Runtime      # DAGs    # Errors  Last Runtime    Last Run
-------------------------------------------  -----  ---------  --------  ----------  --------------  -------------------
/opt/airflow/dags/pipeline_bolsa_familia.py                           1           0  0.20s           2025-08-24T14:55:22
================================================================================
[2025-08-24T14:56:16.318+0000] {manager.py:878} INFO - 
================================================================================
DAG File Processing Stats

File Path                                    PID    Runtime      # DAGs    # Errors  Last Runtime    Last Run
-------------------------------------------  -----  ---------  --------  ----------  --------------  -------------------
/opt/airflow/dags/pipeline_bolsa_familia.py                           1           0  0.21s           2025-08-24T14:55:53
================================================================================
[2025-08-24T14:56:45.344+0000] {manager.py:878} INFO - 
================================================================================
DAG File Processing Stats

File Path                                    PID    Runtime      # DAGs    # Errors  Last Runtime    Last Run
-------------------------------------------  -----  ---------  --------  ----------  --------------  -------------------
/opt/airflow/dags/pipeline_bolsa_familia.py                           1           0  0.41s           2025-08-24T14:56:23
================================================================================
[2025-08-24T14:56:46.376+0000] {manager.py:737} INFO - Searching for files in /opt/airflow/dags
[2025-08-24T14:56:46.407+0000] {manager.py:740} INFO - There are 1 files in /opt/airflow/dags
[2025-08-24T14:57:14.360+0000] {manager.py:878} INFO - 
================================================================================
DAG File Processing Stats

File Path                                    PID    Runtime      # DAGs    # Errors  Last Runtime    Last Run
-------------------------------------------  -----  ---------  --------  ----------  --------------  -------------------
/opt/airflow/dags/pipeline_bolsa_familia.py                           1           0  0.21s           2025-08-24T14:56:54
================================================================================
[2025-08-24T14:57:43.390+0000] {manager.py:878} INFO - 
================================================================================
DAG File Processing Stats

File Path                                    PID    Runtime      # DAGs    # Errors  Last Runtime    Last Run
-------------------------------------------  -----  ---------  --------  ----------  --------------  -------------------
/opt/airflow/dags/pipeline_bolsa_familia.py                           1           0  0.21s           2025-08-24T14:57:25
================================================================================
[2025-08-24T14:58:12.410+0000] {manager.py:878} INFO - 
================================================================================
DAG File Processing Stats

File Path                                    PID    Runtime      # DAGs    # Errors  Last Runtime    Last Run
-------------------------------------------  -----  ---------  --------  ----------  --------------  -------------------
/opt/airflow/dags/pipeline_bolsa_familia.py                           1           0  0.21s           2025-08-24T14:57:56
================================================================================
[2025-08-24T14:58:41.429+0000] {manager.py:878} INFO - 
================================================================================
DAG File Processing Stats

File Path                                    PID    Runtime      # DAGs    # Errors  Last Runtime    Last Run
-------------------------------------------  -----  ---------  --------  ----------  --------------  -------------------
/opt/airflow/dags/pipeline_bolsa_familia.py                           1           0  0.11s           2025-08-24T14:58:27
================================================================================
[2025-08-24T14:59:10.457+0000] {manager.py:878} INFO - 
================================================================================
DAG File Processing Stats

File Path                                    PID    Runtime      # DAGs    # Errors  Last Runtime    Last Run
-------------------------------------------  -----  ---------  --------  ----------  --------------  -------------------
/opt/airflow/dags/pipeline_bolsa_familia.py                           1           0  0.11s           2025-08-24T14:58:58
================================================================================
[2025-08-24T14:59:39.482+0000] {manager.py:878} INFO - 
================================================================================
DAG File Processing Stats

File Path                                    PID    Runtime      # DAGs    # Errors  Last Runtime    Last Run
-------------------------------------------  -----  ---------  --------  ----------  --------------  -------------------
/opt/airflow/dags/pipeline_bolsa_familia.py                           1           0  0.11s           2025-08-24T14:59:29
================================================================================
[2025-08-24T15:00:08.514+0000] {manager.py:878} INFO - 
================================================================================
DAG File Processing Stats

File Path                                    PID    Runtime      # DAGs    # Errors  Last Runtime    Last Run
-------------------------------------------  -----  ---------  --------  ----------  --------------  -------------------
/opt/airflow/dags/pipeline_bolsa_familia.py                           1           0  0.11s           2025-08-24T14:59:59
================================================================================
[2025-08-24T15:00:37.538+0000] {manager.py:878} INFO - 
================================================================================
DAG File Processing Stats

File Path                                    PID    Runtime      # DAGs    # Errors  Last Runtime    Last Run
-------------------------------------------  -----  ---------  --------  ----------  --------------  -------------------
/opt/airflow/dags/pipeline_bolsa_familia.py                           1           0  0.21s           2025-08-24T15:00:29
================================================================================
[2025-08-24T15:01:06.563+0000] {manager.py:878} INFO - 
================================================================================
DAG File Processing Stats

File Path                                    PID    Runtime      # DAGs    # Errors  Last Runtime    Last Run
-------------------------------------------  -----  ---------  --------  ----------  --------------  -------------------
/opt/airflow/dags/pipeline_bolsa_familia.py                           1           0  0.21s           2025-08-24T15:01:00
================================================================================
[2025-08-24T15:01:35.555+0000] {manager.py:878} INFO - 
================================================================================
DAG File Processing Stats

File Path                                    PID    Runtime      # DAGs    # Errors  Last Runtime    Last Run
-------------------------------------------  -----  ---------  --------  ----------  --------------  -------------------
/opt/airflow/dags/pipeline_bolsa_familia.py                           1           0  0.10s           2025-08-24T15:01:30
================================================================================
[2025-08-24T15:01:46.554+0000] {manager.py:737} INFO - Searching for files in /opt/airflow/dags
[2025-08-24T15:01:46.574+0000] {manager.py:740} INFO - There are 1 files in /opt/airflow/dags
[2025-08-24T19:34:44.959+0000] {manager.py:737} INFO - Searching for files in /opt/airflow/dags
[2025-08-24T19:34:45.597+0000] {manager.py:740} INFO - There are 1 files in /opt/airflow/dags
[2025-08-24T20:51:18.527+0000] {manager.py:737} INFO - Searching for files in /opt/airflow/dags
[2025-08-24T20:51:19.240+0000] {manager.py:740} INFO - There are 1 files in /opt/airflow/dags
[2025-08-24T20:51:27.346+0000] {manager.py:878} INFO - 
================================================================================
DAG File Processing Stats

File Path                                    PID    Runtime      # DAGs    # Errors  Last Runtime    Last Run
-------------------------------------------  -----  ---------  --------  ----------  --------------  -------------------
/opt/airflow/dags/pipeline_bolsa_familia.py                           1           0  1.05s           2025-08-24T20:51:20
================================================================================
[2025-08-24T20:51:56.895+0000] {manager.py:878} INFO - 
================================================================================
DAG File Processing Stats

File Path                                    PID    Runtime      # DAGs    # Errors  Last Runtime    Last Run
-------------------------------------------  -----  ---------  --------  ----------  --------------  -------------------
/opt/airflow/dags/pipeline_bolsa_familia.py                           1           0  0.11s           2025-08-24T20:51:51
================================================================================
[2025-08-24T20:52:25.671+0000] {manager.py:878} INFO - 
================================================================================
DAG File Processing Stats

File Path                                    PID    Runtime      # DAGs    # Errors  Last Runtime    Last Run
-------------------------------------------  -----  ---------  --------  ----------  --------------  -------------------
/opt/airflow/dags/pipeline_bolsa_familia.py                           1           0  0.42s           2025-08-24T20:52:21
================================================================================
[2025-08-24T20:52:54.678+0000] {manager.py:878} INFO - 
================================================================================
DAG File Processing Stats

File Path                                    PID    Runtime      # DAGs    # Errors  Last Runtime    Last Run
-------------------------------------------  -----  ---------  --------  ----------  --------------  -------------------
/opt/airflow/dags/pipeline_bolsa_familia.py                           1           0  0.21s           2025-08-24T20:52:52
================================================================================
[2025-08-24T20:53:24.019+0000] {manager.py:878} INFO - 
================================================================================
DAG File Processing Stats

File Path                                    PID    Runtime      # DAGs    # Errors  Last Runtime    Last Run
-------------------------------------------  -----  ---------  --------  ----------  --------------  -------------------
/opt/airflow/dags/pipeline_bolsa_familia.py                           1           0  0.21s           2025-08-24T20:53:23
================================================================================
[2025-08-24T20:53:52.906+0000] {manager.py:878} INFO - 
================================================================================
DAG File Processing Stats

File Path                                    PID    Runtime      # DAGs    # Errors  Last Runtime    Last Run
-------------------------------------------  -----  ---------  --------  ----------  --------------  -------------------
/opt/airflow/dags/pipeline_bolsa_familia.py                           1           0  0.21s           2025-08-24T20:53:23
================================================================================
[2025-08-24T20:54:21.922+0000] {manager.py:878} INFO - 
================================================================================
DAG File Processing Stats

File Path                                    PID    Runtime      # DAGs    # Errors  Last Runtime    Last Run
-------------------------------------------  -----  ---------  --------  ----------  --------------  -------------------
/opt/airflow/dags/pipeline_bolsa_familia.py                           1           0  0.21s           2025-08-24T20:53:54
================================================================================
[2025-08-24T20:54:50.771+0000] {manager.py:878} INFO - 
================================================================================
DAG File Processing Stats

File Path                                    PID    Runtime      # DAGs    # Errors  Last Runtime    Last Run
-------------------------------------------  -----  ---------  --------  ----------  --------------  -------------------
/opt/airflow/dags/pipeline_bolsa_familia.py                           1           0  0.20s           2025-08-24T20:54:25
================================================================================
[2025-08-24T20:55:19.800+0000] {manager.py:878} INFO - 
================================================================================
DAG File Processing Stats

File Path                                    PID    Runtime      # DAGs    # Errors  Last Runtime    Last Run
-------------------------------------------  -----  ---------  --------  ----------  --------------  -------------------
/opt/airflow/dags/pipeline_bolsa_familia.py                           1           0  0.21s           2025-08-24T20:54:56
================================================================================
[2025-08-24T20:55:48.648+0000] {manager.py:878} INFO - 
================================================================================
DAG File Processing Stats

File Path                                    PID    Runtime      # DAGs    # Errors  Last Runtime    Last Run
-------------------------------------------  -----  ---------  --------  ----------  --------------  -------------------
/opt/airflow/dags/pipeline_bolsa_familia.py                           1           0  0.20s           2025-08-24T20:55:26
================================================================================
[2025-08-24T20:56:17.539+0000] {manager.py:878} INFO - 
================================================================================
DAG File Processing Stats

File Path                                    PID    Runtime      # DAGs    # Errors  Last Runtime    Last Run
-------------------------------------------  -----  ---------  --------  ----------  --------------  -------------------
/opt/airflow/dags/pipeline_bolsa_familia.py                           1           0  0.21s           2025-08-24T20:55:57
================================================================================
[2025-08-24T20:56:19.496+0000] {manager.py:737} INFO - Searching for files in /opt/airflow/dags
[2025-08-24T20:56:19.517+0000] {manager.py:740} INFO - There are 1 files in /opt/airflow/dags
[2025-08-24T20:56:46.596+0000] {manager.py:878} INFO - 
================================================================================
DAG File Processing Stats

File Path                                    PID    Runtime      # DAGs    # Errors  Last Runtime    Last Run
-------------------------------------------  -----  ---------  --------  ----------  --------------  -------------------
/opt/airflow/dags/pipeline_bolsa_familia.py                           1           0  0.20s           2025-08-24T20:56:28
================================================================================
[2025-08-24T20:57:15.529+0000] {manager.py:878} INFO - 
================================================================================
DAG File Processing Stats

File Path                                    PID    Runtime      # DAGs    # Errors  Last Runtime    Last Run
-------------------------------------------  -----  ---------  --------  ----------  --------------  -------------------
/opt/airflow/dags/pipeline_bolsa_familia.py                           1           0  0.21s           2025-08-24T20:56:59
================================================================================
[2025-08-24T20:57:44.443+0000] {manager.py:878} INFO - 
================================================================================
DAG File Processing Stats

File Path                                    PID    Runtime      # DAGs    # Errors  Last Runtime    Last Run
-------------------------------------------  -----  ---------  --------  ----------  --------------  -------------------
/opt/airflow/dags/pipeline_bolsa_familia.py                           1           0  0.21s           2025-08-24T20:57:30
================================================================================
[2025-08-24T20:58:13.349+0000] {manager.py:878} INFO - 
================================================================================
DAG File Processing Stats

File Path                                    PID    Runtime      # DAGs    # Errors  Last Runtime    Last Run
-------------------------------------------  -----  ---------  --------  ----------  --------------  -------------------
/opt/airflow/dags/pipeline_bolsa_familia.py                           1           0  0.21s           2025-08-24T20:58:00
================================================================================
[2025-08-24T20:58:42.262+0000] {manager.py:878} INFO - 
================================================================================
DAG File Processing Stats

File Path                                    PID    Runtime      # DAGs    # Errors  Last Runtime    Last Run
-------------------------------------------  -----  ---------  --------  ----------  --------------  -------------------
/opt/airflow/dags/pipeline_bolsa_familia.py                           1           0  0.21s           2025-08-24T20:58:31
================================================================================
[2025-08-24T20:59:11.114+0000] {manager.py:878} INFO - 
================================================================================
DAG File Processing Stats

File Path                                    PID    Runtime      # DAGs    # Errors  Last Runtime    Last Run
-------------------------------------------  -----  ---------  --------  ----------  --------------  -------------------
/opt/airflow/dags/pipeline_bolsa_familia.py                           1           0  0.21s           2025-08-24T20:59:02
================================================================================
[2025-08-24T20:59:40.000+0000] {manager.py:878} INFO - 
================================================================================
DAG File Processing Stats

File Path                                    PID    Runtime      # DAGs    # Errors  Last Runtime    Last Run
-------------------------------------------  -----  ---------  --------  ----------  --------------  -------------------
/opt/airflow/dags/pipeline_bolsa_familia.py                           1           0  0.21s           2025-08-24T20:59:32
================================================================================
[2025-08-24T21:00:08.901+0000] {manager.py:878} INFO - 
================================================================================
DAG File Processing Stats

File Path                                    PID    Runtime      # DAGs    # Errors  Last Runtime    Last Run
-------------------------------------------  -----  ---------  --------  ----------  --------------  -------------------
/opt/airflow/dags/pipeline_bolsa_familia.py                           1           0  0.21s           2025-08-24T21:00:03
================================================================================
[2025-08-24T21:00:37.825+0000] {manager.py:878} INFO - 
================================================================================
DAG File Processing Stats

File Path                                    PID    Runtime      # DAGs    # Errors  Last Runtime    Last Run
-------------------------------------------  -----  ---------  --------  ----------  --------------  -------------------
/opt/airflow/dags/pipeline_bolsa_familia.py                           1           0  0.21s           2025-08-24T21:00:34
================================================================================
[2025-08-24T21:01:06.712+0000] {manager.py:878} INFO - 
================================================================================
DAG File Processing Stats

File Path                                    PID    Runtime      # DAGs    # Errors  Last Runtime    Last Run
-------------------------------------------  -----  ---------  --------  ----------  --------------  -------------------
/opt/airflow/dags/pipeline_bolsa_familia.py                           1           0  0.21s           2025-08-24T21:01:04
================================================================================
[2025-08-24T21:01:19.669+0000] {manager.py:737} INFO - Searching for files in /opt/airflow/dags
[2025-08-24T21:01:19.683+0000] {manager.py:740} INFO - There are 1 files in /opt/airflow/dags
[2025-08-24T21:01:35.799+0000] {manager.py:878} INFO - 
================================================================================
DAG File Processing Stats

File Path                                    PID    Runtime      # DAGs    # Errors  Last Runtime    Last Run
-------------------------------------------  -----  ---------  --------  ----------  --------------  -------------------
/opt/airflow/dags/pipeline_bolsa_familia.py                           1           0  0.21s           2025-08-24T21:01:35
================================================================================
